Start testing: Jan 23 16:19 +07
----------------------------------------------------------
1/1 Testing: UnitTests
1/1 Test: UnitTests
Command: "/media/sf_Shared_folder/Mock_Project/build/unit_tests"
Directory: /media/sf_Shared_folder/Mock_Project/build
"UnitTests" start time: Jan 23 16:19 +07
Output:
----------------------------------------------------------
Running main() from /home/tienck/googletest/googletest/src/gtest_main.cc
[==========] Running 1 test from 1 test suite.
[----------] Global test environment set-up.
[----------] 1 test from ControllerManagerTest
[ RUN      ] ControllerManagerTest.WriteAndReadDataTest
[       OK ] ControllerManagerTest.WriteAndReadDataTest (6 ms)
[----------] 1 test from ControllerManagerTest (6 ms total)

[----------] Global test environment tear-down
[==========] 1 test from 1 test suite ran. (7 ms total)
[  PASSED  ] 1 test.
<end of output>
Test time =   0.04 sec
----------------------------------------------------------
Test Passed.
"UnitTests" end time: Jan 23 16:19 +07
"UnitTests" time elapsed: 00:00:00
----------------------------------------------------------

End testing: Jan 23 16:19 +07
